TN:
SF:script/DeployKipuBankV3.s.sol
DA:8,0
FN:8,DeployKipuBankV3.run
FNDA:0,DeployKipuBankV3.run
DA:10,0
DA:11,0
DA:12,0
DA:13,0
DA:14,0
DA:16,0
DA:17,0
DA:24,0
DA:26,0
FNF:1
FNH:0
LF:10
LH:0
BRF:0
BRH:0
end_of_record
TN:
SF:src/Decimals.sol
DA:15,18
FN:15,Decimals.toUSDC
FNDA:18,Decimals.toUSDC
DA:16,18
BRDA:16,0,0,2
DA:17,16
BRDA:17,1,0,13
BRDA:17,1,1,13
DA:18,13
DA:20,3
FNF:1
FNH:1
LF:5
LH:5
BRF:3
BRH:3
end_of_record
TN:
SF:src/KipuBankV3.sol
DA:170,8
FN:170,KipuBankV3.nonReentrant
FNDA:8,KipuBankV3.nonReentrant
DA:171,8
DA:173,2
DA:177,8
FN:177,KipuBankV3.assetEnabled
FNDA:8,KipuBankV3.assetEnabled
DA:178,8
DA:183,15
FN:183,KipuBankV3.withinBankCapGiven
FNDA:15,KipuBankV3.withinBankCapGiven
DA:184,15
DA:189,8
FN:189,KipuBankV3.withinWithdrawalLimit
FNDA:8,KipuBankV3.withinWithdrawalLimit
DA:190,8
DA:195,58
FN:195,KipuBankV3._nonReentrantBefore
FNDA:58,KipuBankV3._nonReentrantBefore
DA:196,0
BRDA:196,0,0,-
DA:197,58
DA:201,28
FN:201,KipuBankV3._nonReentrantAfter
FNDA:28,KipuBankV3._nonReentrantAfter
DA:202,28
DA:207,58
FN:207,KipuBankV3._assetEnabled
FNDA:58,KipuBankV3._assetEnabled
DA:208,58
DA:209,58
BRDA:209,1,0,6
DA:216,22
FN:216,KipuBankV3._withinBankCapGiven
FNDA:22,KipuBankV3._withinBankCapGiven
DA:221,22
DA:222,22
BRDA:222,2,0,2
DA:227,12
FN:227,KipuBankV3._withinWithdrawalLimit
FNDA:12,KipuBankV3._withinWithdrawalLimit
DA:228,12
BRDA:228,3,0,2
DA:229,2
DA:244,78
FN:244,KipuBankV3.constructor
FNDA:78,KipuBankV3.constructor
DA:251,78
DA:252,78
DA:253,78
DA:255,78
DA:256,78
DA:259,78
DA:263,78
DA:269,78
DA:270,78
DA:271,78
DA:273,78
DA:274,78
DA:275,78
DA:276,78
DA:286,19
FN:286,KipuBankV3.setUniswapRouter
FNDA:19,KipuBankV3.setUniswapRouter
DA:287,18
BRDA:287,4,0,1
DA:288,17
DA:289,17
DA:290,17
DA:291,17
DA:299,6
FN:299,KipuBankV3.setUSDC
FNDA:6,KipuBankV3.setUSDC
DA:300,5
BRDA:300,5,0,1
DA:301,4
DA:302,4
DA:304,4
DA:305,4
DA:306,4
DA:316,32
FN:316,KipuBankV3.setAssetConfig
FNDA:32,KipuBankV3.setAssetConfig
DA:321,31
DA:325,31
DA:334,6
FN:334,KipuBankV3.depositNative
FNDA:6,KipuBankV3.depositNative
DA:340,4
BRDA:340,6,0,1
DA:342,3
DA:343,3
DA:345,3
DA:354,7
FN:354,KipuBankV3.depositToken
FNDA:7,KipuBankV3.depositToken
DA:359,6
BRDA:359,7,0,1
DA:361,5
DA:362,4
DA:364,4
DA:372,4
FN:372,KipuBankV3.withdrawNative
FNDA:4,KipuBankV3.withdrawNative
DA:378,3
BRDA:378,8,0,1
DA:380,2
DA:381,2
DA:382,2
DA:384,2
DA:393,4
FN:393,KipuBankV3.withdrawToken
FNDA:4,KipuBankV3.withdrawToken
DA:398,3
BRDA:398,9,0,1
DA:400,2
DA:401,1
DA:402,1
DA:404,1
DA:414,3
FN:414,KipuBankV3.depositNativeViaUniswapV2
FNDA:3,KipuBankV3.depositNativeViaUniswapV2
DA:420,3
BRDA:420,10,0,-
DA:422,3
DA:424,3
DA:425,3
BRDA:425,11,0,1
DA:427,2
DA:428,2
BRDA:428,12,0,-
DA:429,0
DA:432,2
DA:438,2
DA:439,2
DA:442,2
DA:443,2
DA:444,2
DA:446,2
DA:456,11
FN:456,KipuBankV3.depositTokenViaUniswapV2
FNDA:11,KipuBankV3.depositTokenViaUniswapV2
DA:461,9
BRDA:461,13,0,2
DA:462,7
BRDA:462,14,0,2
DA:464,5
DA:465,5
BRDA:465,15,0,-
DA:467,5
DA:468,5
BRDA:468,16,0,1
DA:470,4
DA:471,4
BRDA:471,17,0,-
DA:472,0
DA:475,4
DA:477,4
DA:478,4
DA:480,4
DA:487,4
DA:488,4
DA:490,4
DA:491,4
DA:492,4
DA:494,4
DA:502,15
FN:502,KipuBankV3.depositUSDC
FNDA:15,KipuBankV3.depositUSDC
DA:508,13
BRDA:508,18,0,1
DA:510,12
DA:512,11
DA:513,11
DA:514,11
DA:517,11
DA:526,8
FN:526,KipuBankV3.withdrawNativeViaUniswapV2
FNDA:8,KipuBankV3.withdrawNativeViaUniswapV2
DA:532,7
BRDA:532,19,0,1
DA:534,6
DA:536,6
DA:537,6
BRDA:537,20,0,2
DA:539,4
DA:540,4
BRDA:540,21,0,1
DA:543,3
DA:544,3
DA:545,3
DA:548,3
DA:549,3
DA:551,3
DA:558,2
DA:559,2
BRDA:559,22,0,-
DA:561,2
DA:567,2
FN:567,KipuBankV3.receive
FNDA:2,KipuBankV3.receive
DA:570,2
FN:570,KipuBankV3.fallback
FNDA:2,KipuBankV3.fallback
DA:580,22
FN:580,KipuBankV3.getBalanceUSDC
FNDA:22,KipuBankV3.getBalanceUSDC
DA:581,22
DA:588,11
FN:588,KipuBankV3.previewWeiToUSDC
FNDA:11,KipuBankV3.previewWeiToUSDC
DA:589,11
DA:597,6
FN:597,KipuBankV3.previewTokenToUSDC
FNDA:6,KipuBankV3.previewTokenToUSDC
DA:598,6
DA:605,5
FN:605,KipuBankV3.previewWeiToUSDCByRouter
FNDA:5,KipuBankV3.previewWeiToUSDCByRouter
DA:606,5
DA:607,5
DA:615,0
FN:615,KipuBankV3.previewTokenToUSDCByRouter
FNDA:0,KipuBankV3.previewTokenToUSDCByRouter
DA:616,0
DA:617,0
DA:627,3
FN:627,KipuBankV3._depositNative
FNDA:3,KipuBankV3._depositNative
DA:634,3
DA:635,3
DA:636,3
DA:638,3
DA:648,4
FN:648,KipuBankV3._depositToken
FNDA:4,KipuBankV3._depositToken
DA:657,4
DA:659,4
DA:660,4
DA:661,4
DA:663,4
DA:673,2
FN:673,KipuBankV3._withdrawNative
FNDA:2,KipuBankV3._withdrawNative
DA:681,2
BRDA:681,23,0,1
DA:683,1
DA:684,1
DA:685,1
DA:687,1
DA:688,1
BRDA:688,24,0,-
DA:690,1
DA:701,1
FN:701,KipuBankV3._withdrawToken
FNDA:1,KipuBankV3._withdrawToken
DA:710,1
BRDA:710,25,0,-
DA:712,1
DA:713,1
DA:714,1
DA:716,1
DA:718,1
DA:729,16
FN:729,KipuBankV3._quoteWeiToUSDC
FNDA:16,KipuBankV3._quoteWeiToUSDC
DA:730,16
DA:731,16
DA:732,16
DA:735,16
DA:737,16
BRDA:737,26,0,15
BRDA:737,26,1,1
DA:738,15
DA:740,1
DA:751,13
FN:751,KipuBankV3._quoteTokenToUSDC
FNDA:13,KipuBankV3._quoteTokenToUSDC
DA:752,13
DA:753,13
BRDA:753,27,0,2
DA:754,11
DA:755,10
DA:756,10
DA:757,10
DA:759,10
DA:761,10
BRDA:761,28,0,1
BRDA:761,28,1,9
DA:762,1
DA:764,9
DA:778,19
FN:778,KipuBankV3._makePath
FNDA:19,KipuBankV3._makePath
DA:779,19
DA:780,19
DA:781,19
DA:791,13
FN:791,KipuBankV3._getAmountsOut
FNDA:13,KipuBankV3._getAmountsOut
DA:792,13
DA:793,12
DA:803,6
FN:803,KipuBankV3._getAmountsIn
FNDA:6,KipuBankV3._getAmountsIn
DA:804,6
DA:805,6
FNF:37
FNH:36
LF:203
LH:197
BRF:31
BRH:23
end_of_record
TN:
SF:test/KipuBankV3Test.t.sol
DA:18,8
FN:18,DecimalsHarness.toUSDC
FNDA:8,DecimalsHarness.toUSDC
DA:19,8
DA:27,1
FN:27,RouterWETHStub.WETH.0
FNDA:1,RouterWETHStub.WETH.0
DA:28,1
DA:35,1
FN:35,BadRouterWETHStub.WETH.1
FNDA:1,BadRouterWETHStub.WETH.1
DA:36,1
FNF:3
FNH:3
LF:6
LH:6
BRF:0
BRH:0
end_of_record
TN:
SF:test/Mocks.t.sol
DA:15,15
FN:15,ERC20Mock.constructor.0
FNDA:15,ERC20Mock.constructor.0
DA:16,15
DA:19,11
FN:19,ERC20Mock.mint
FNDA:11,ERC20Mock.mint
DA:20,11
DA:21,11
DA:24,19
FN:24,ERC20Mock.approve
FNDA:19,ERC20Mock.approve
DA:25,19
DA:26,19
DA:29,1
FN:29,ERC20Mock.transfer
FNDA:1,ERC20Mock.transfer
DA:30,1
BRDA:30,0,0,-
BRDA:30,0,1,1
DA:31,1
DA:32,1
DA:33,1
DA:36,8
FN:36,ERC20Mock.transferFrom
FNDA:8,ERC20Mock.transferFrom
DA:37,8
BRDA:37,1,0,-
BRDA:37,1,1,8
DA:38,8
DA:39,8
BRDA:39,2,0,-
BRDA:39,2,1,8
DA:40,8
BRDA:40,3,0,-
DA:41,8
DA:42,8
DA:43,8
DA:52,12
FN:52,AggregatorV3Mock.constructor.1
FNDA:12,AggregatorV3Mock.constructor.1
DA:53,12
DA:54,12
DA:57,0
FN:57,AggregatorV3Mock.setAnswer
FNDA:0,AggregatorV3Mock.setAnswer
DA:58,0
FN:58,AggregatorV3Mock.setDecimals
FNDA:0,AggregatorV3Mock.setDecimals
DA:60,12
FN:60,AggregatorV3Mock.decimals
FNDA:12,AggregatorV3Mock.decimals
DA:63,12
FN:63,AggregatorV3Mock.latestRoundData
FNDA:12,AggregatorV3Mock.latestRoundData
DA:68,12
DA:93,15
FN:93,RouterV2Mock.constructor.2
FNDA:15,RouterV2Mock.constructor.2
DA:95,15
FN:95,RouterV2Mock.WETH
FNDA:15,RouterV2Mock.WETH
DA:97,15
DA:100,7
FN:100,RouterV2Mock.setNextOut
FNDA:7,RouterV2Mock.setNextOut
DA:101,7
FN:101,RouterV2Mock.setNextIn
FNDA:7,RouterV2Mock.setNextIn
DA:103,8
FN:103,RouterV2Mock.getAmountsOut
FNDA:8,RouterV2Mock.getAmountsOut
DA:106,8
DA:107,8
DA:108,8
DA:111,6
FN:111,RouterV2Mock.getAmountsIn
FNDA:6,RouterV2Mock.getAmountsIn
DA:114,6
DA:115,6
DA:116,6
DA:119,2
FN:119,RouterV2Mock.swapExactETHForTokens
FNDA:2,RouterV2Mock.swapExactETHForTokens
DA:122,2
DA:123,2
DA:124,2
DA:125,2
BRDA:125,4,0,-
BRDA:125,4,1,2
DA:126,2
DA:129,4
FN:129,RouterV2Mock.swapExactTokensForTokens
FNDA:4,RouterV2Mock.swapExactTokensForTokens
DA:131,4
DA:132,4
DA:133,4
DA:134,4
BRDA:134,5,0,-
BRDA:134,5,1,4
DA:135,4
DA:138,3
FN:138,RouterV2Mock.swapExactTokensForETH
FNDA:3,RouterV2Mock.swapExactTokensForETH
DA:141,3
DA:142,3
DA:143,3
DA:144,3
BRDA:144,6,0,1
BRDA:144,6,1,2
DA:145,2
FNF:19
FNH:17
LF:60
LH:58
BRF:13
BRH:7
end_of_record
