TN:
SF:src/Decimals.sol
FN:15,Decimals.toUSDC
FNDA:18,Decimals.toUSDC
FNF:1
FNH:1
DA:15,18
DA:16,18
DA:17,16
DA:18,13
DA:20,3
LF:5
LH:5
end_of_record
TN:
SF:src/KipuBankV3.sol
FN:170,KipuBankV3.nonReentrant
FN:177,KipuBankV3.assetEnabled
FN:183,KipuBankV3.withinBankCapGiven
FN:189,KipuBankV3.withinWithdrawalLimit
FN:195,KipuBankV3._nonReentrantBefore
FN:201,KipuBankV3._nonReentrantAfter
FN:207,KipuBankV3._assetEnabled
FN:216,KipuBankV3._withinBankCapGiven
FN:227,KipuBankV3._withinWithdrawalLimit
FN:244,KipuBankV3.constructor
FN:286,KipuBankV3.setUniswapRouter
FN:299,KipuBankV3.setUSDC
FN:316,KipuBankV3.setAssetConfig
FN:334,KipuBankV3.depositNative
FN:354,KipuBankV3.depositToken
FN:372,KipuBankV3.withdrawNative
FN:393,KipuBankV3.withdrawToken
FN:414,KipuBankV3.depositNativeViaUniswapV2
FN:456,KipuBankV3.depositTokenViaUniswapV2
FN:502,KipuBankV3.depositUSDC
FN:526,KipuBankV3.withdrawNativeViaUniswapV2
FN:567,KipuBankV3.receive
FN:570,KipuBankV3.fallback
FN:580,KipuBankV3.getBalanceUSDC
FN:588,KipuBankV3.previewWeiToUSDC
FN:597,KipuBankV3.previewTokenToUSDC
FN:605,KipuBankV3.previewWeiToUSDCByRouter
FN:615,KipuBankV3.previewTokenToUSDCByRouter
FN:627,KipuBankV3._depositNative
FN:648,KipuBankV3._depositToken
FN:673,KipuBankV3._withdrawNative
FN:701,KipuBankV3._withdrawToken
FN:729,KipuBankV3._quoteWeiToUSDC
FN:751,KipuBankV3._quoteTokenToUSDC
FN:778,KipuBankV3._makePath
FN:791,KipuBankV3._getAmountsOut
FN:803,KipuBankV3._getAmountsIn
FNDA:8,KipuBankV3.nonReentrant
FNDA:8,KipuBankV3.assetEnabled
FNDA:15,KipuBankV3.withinBankCapGiven
FNDA:8,KipuBankV3.withinWithdrawalLimit
FNDA:58,KipuBankV3._nonReentrantBefore
FNDA:28,KipuBankV3._nonReentrantAfter
FNDA:58,KipuBankV3._assetEnabled
FNDA:22,KipuBankV3._withinBankCapGiven
FNDA:12,KipuBankV3._withinWithdrawalLimit
FNDA:78,KipuBankV3.constructor
FNDA:19,KipuBankV3.setUniswapRouter
FNDA:6,KipuBankV3.setUSDC
FNDA:32,KipuBankV3.setAssetConfig
FNDA:6,KipuBankV3.depositNative
FNDA:7,KipuBankV3.depositToken
FNDA:4,KipuBankV3.withdrawNative
FNDA:4,KipuBankV3.withdrawToken
FNDA:3,KipuBankV3.depositNativeViaUniswapV2
FNDA:11,KipuBankV3.depositTokenViaUniswapV2
FNDA:15,KipuBankV3.depositUSDC
FNDA:8,KipuBankV3.withdrawNativeViaUniswapV2
FNDA:2,KipuBankV3.receive
FNDA:2,KipuBankV3.fallback
FNDA:22,KipuBankV3.getBalanceUSDC
FNDA:11,KipuBankV3.previewWeiToUSDC
FNDA:6,KipuBankV3.previewTokenToUSDC
FNDA:5,KipuBankV3.previewWeiToUSDCByRouter
FNDA:0,KipuBankV3.previewTokenToUSDCByRouter
FNDA:3,KipuBankV3._depositNative
FNDA:4,KipuBankV3._depositToken
FNDA:2,KipuBankV3._withdrawNative
FNDA:1,KipuBankV3._withdrawToken
FNDA:16,KipuBankV3._quoteWeiToUSDC
FNDA:13,KipuBankV3._quoteTokenToUSDC
FNDA:19,KipuBankV3._makePath
FNDA:13,KipuBankV3._getAmountsOut
FNDA:6,KipuBankV3._getAmountsIn
FNF:37
FNH:36
DA:170,8
DA:171,8
DA:173,2
DA:177,8
DA:178,8
DA:183,15
DA:184,15
DA:189,8
DA:190,8
DA:195,58
DA:196,0
DA:197,58
DA:201,28
DA:202,28
DA:207,58
DA:208,58
DA:209,58
DA:216,22
DA:221,22
DA:222,22
DA:227,12
DA:228,12
DA:229,2
DA:244,78
DA:251,78
DA:252,78
DA:253,78
DA:255,78
DA:256,78
DA:259,78
DA:263,78
DA:269,78
DA:270,78
DA:271,78
DA:273,78
DA:274,78
DA:275,78
DA:276,78
DA:286,19
DA:287,18
DA:288,17
DA:289,17
DA:290,17
DA:291,17
DA:299,6
DA:300,5
DA:301,4
DA:302,4
DA:304,4
DA:305,4
DA:306,4
DA:316,32
DA:321,31
DA:325,31
DA:334,6
DA:340,4
DA:342,3
DA:343,3
DA:345,3
DA:354,7
DA:359,6
DA:361,5
DA:362,4
DA:364,4
DA:372,4
DA:378,3
DA:380,2
DA:381,2
DA:382,2
DA:384,2
DA:393,4
DA:398,3
DA:400,2
DA:401,1
DA:402,1
DA:404,1
DA:414,3
DA:420,3
DA:422,3
DA:424,3
DA:425,3
DA:427,2
DA:428,2
DA:429,0
DA:432,2
DA:438,2
DA:439,2
DA:442,2
DA:443,2
DA:444,2
DA:446,2
DA:456,11
DA:461,9
DA:462,7
DA:464,5
DA:465,5
DA:467,5
DA:468,5
DA:470,4
DA:471,4
DA:472,0
DA:475,4
DA:477,4
DA:478,4
DA:480,4
DA:487,4
DA:488,4
DA:490,4
DA:491,4
DA:492,4
DA:494,4
DA:502,15
DA:508,13
DA:510,12
DA:512,11
DA:513,11
DA:514,11
DA:517,11
DA:526,8
DA:532,7
DA:534,6
DA:536,6
DA:537,6
DA:539,4
DA:540,4
DA:543,3
DA:544,3
DA:545,3
DA:548,3
DA:549,3
DA:551,3
DA:558,2
DA:559,2
DA:561,2
DA:567,2
DA:570,2
DA:580,22
DA:581,22
DA:588,11
DA:589,11
DA:597,6
DA:598,6
DA:605,5
DA:606,5
DA:607,5
DA:615,0
DA:616,0
DA:617,0
DA:627,3
DA:634,3
DA:635,3
DA:636,3
DA:638,3
DA:648,4
DA:657,4
DA:659,4
DA:660,4
DA:661,4
DA:663,4
DA:673,2
DA:681,2
DA:683,1
DA:684,1
DA:685,1
DA:687,1
DA:688,1
DA:690,1
DA:701,1
DA:710,1
DA:712,1
DA:713,1
DA:714,1
DA:716,1
DA:718,1
DA:729,16
DA:730,16
DA:731,16
DA:732,16
DA:735,16
DA:737,16
DA:738,15
DA:740,1
DA:751,13
DA:752,13
DA:753,13
DA:754,11
DA:755,10
DA:756,10
DA:757,10
DA:759,10
DA:761,10
DA:762,1
DA:764,9
DA:778,19
DA:779,19
DA:780,19
DA:781,19
DA:791,13
DA:792,13
DA:793,12
DA:803,6
DA:804,6
DA:805,6
LF:203
LH:197
end_of_record
